2018-03-18 12:36:04,456:INFO: Creating the datasets...
2018-03-18 12:36:04,543:INFO: Creating the model...
2018-03-18 12:36:05,275:INFO: Starting training for 20 epoch(s)
2018-03-18 12:36:05,817:INFO: Restoring parameters from ../project/experiments/Unet/best_weights/
2018-03-18 12:36:05,822:INFO: Restoring parameters from ../project/experiments/Unet/best_weights/after-epoch-112
2018-03-18 12:36:06,677:INFO: Epoch 113/132
2018-03-18 12:39:30,468:INFO: - Train metrics: similarity:   0.876793 ; loss:   0.004391 ; similarity_progress:   0.020110
2018-03-18 12:39:39,009:INFO: - Eval metrics: similarity:   0.880164 ; loss:   0.004279 ; similarity_progress:   0.022899
2018-03-18 12:39:39,384:INFO: - Found new best similarity_progress, saving in experiments/Unet/best_weights/after-epoch-113
2018-03-18 12:39:39,396:INFO: Epoch 114/132
2018-03-18 12:42:11,632:INFO: - Train metrics: similarity:   0.879701 ; loss:   0.004283 ; similarity_progress:   0.022765
2018-03-18 12:42:16,562:INFO: - Eval metrics: similarity:   0.881292 ; loss:   0.004234 ; similarity_progress:   0.024027
2018-03-18 12:42:16,747:INFO: - Found new best similarity_progress, saving in experiments/Unet/best_weights/after-epoch-114
2018-03-18 12:42:16,804:INFO: Epoch 115/132
2018-03-18 12:44:49,259:INFO: - Train metrics: similarity:   0.879793 ; loss:   0.004282 ; similarity_progress:   0.023047
2018-03-18 12:44:54,103:INFO: - Eval metrics: similarity:   0.881674 ; loss:   0.004224 ; similarity_progress:   0.024409
2018-03-18 12:44:54,289:INFO: - Found new best similarity_progress, saving in experiments/Unet/best_weights/after-epoch-115
2018-03-18 12:44:54,329:INFO: Epoch 116/132
2018-03-18 12:47:26,614:INFO: - Train metrics: similarity:   0.879891 ; loss:   0.004278 ; similarity_progress:   0.023199
2018-03-18 12:47:31,600:INFO: - Eval metrics: similarity:   0.881888 ; loss:   0.004214 ; similarity_progress:   0.024622
2018-03-18 12:47:31,786:INFO: - Found new best similarity_progress, saving in experiments/Unet/best_weights/after-epoch-116
2018-03-18 12:47:31,831:INFO: Epoch 117/132
2018-03-18 12:50:03,886:INFO: - Train metrics: similarity:   0.880306 ; loss:   0.004266 ; similarity_progress:   0.023504
2018-03-18 12:50:08,856:INFO: - Eval metrics: similarity:   0.882042 ; loss:   0.004208 ; similarity_progress:   0.024777
2018-03-18 12:50:09,041:INFO: - Found new best similarity_progress, saving in experiments/Unet/best_weights/after-epoch-117
2018-03-18 12:50:09,070:INFO: Epoch 118/132
2018-03-18 12:52:41,426:INFO: - Train metrics: similarity:   0.879712 ; loss:   0.004287 ; similarity_progress:   0.023150
2018-03-18 12:52:46,306:INFO: - Eval metrics: similarity:   0.882232 ; loss:   0.004201 ; similarity_progress:   0.024966
2018-03-18 12:52:46,492:INFO: - Found new best similarity_progress, saving in experiments/Unet/best_weights/after-epoch-118
2018-03-18 12:52:46,521:INFO: Epoch 119/132
2018-03-18 12:55:18,903:INFO: - Train metrics: similarity:   0.880443 ; loss:   0.004262 ; similarity_progress:   0.023701
2018-03-18 12:55:23,763:INFO: - Eval metrics: similarity:   0.882345 ; loss:   0.004195 ; similarity_progress:   0.025079
2018-03-18 12:55:23,950:INFO: - Found new best similarity_progress, saving in experiments/Unet/best_weights/after-epoch-119
2018-03-18 12:55:23,979:INFO: Epoch 120/132
2018-03-18 12:57:56,065:INFO: - Train metrics: similarity:   0.880740 ; loss:   0.004253 ; similarity_progress:   0.023971
2018-03-18 12:58:00,930:INFO: - Eval metrics: similarity:   0.882422 ; loss:   0.004195 ; similarity_progress:   0.025157
2018-03-18 12:58:01,125:INFO: - Found new best similarity_progress, saving in experiments/Unet/best_weights/after-epoch-120
2018-03-18 12:58:01,162:INFO: Epoch 121/132
2018-03-18 13:00:33,106:INFO: - Train metrics: similarity:   0.880214 ; loss:   0.004268 ; similarity_progress:   0.023578
2018-03-18 13:00:38,252:INFO: - Eval metrics: similarity:   0.882544 ; loss:   0.004189 ; similarity_progress:   0.025279
2018-03-18 13:00:38,472:INFO: - Found new best similarity_progress, saving in experiments/Unet/best_weights/after-epoch-121
2018-03-18 13:00:38,504:INFO: Epoch 122/132
2018-03-18 13:03:16,168:INFO: - Train metrics: similarity:   0.881196 ; loss:   0.004235 ; similarity_progress:   0.024337
2018-03-18 13:03:21,065:INFO: - Eval metrics: similarity:   0.882672 ; loss:   0.004185 ; similarity_progress:   0.025407
2018-03-18 13:03:21,249:INFO: - Found new best similarity_progress, saving in experiments/Unet/best_weights/after-epoch-122
2018-03-18 13:03:21,279:INFO: Epoch 123/132
2018-03-18 13:06:16,006:INFO: - Train metrics: similarity:   0.880619 ; loss:   0.004255 ; similarity_progress:   0.023976
2018-03-18 13:06:22,324:INFO: - Eval metrics: similarity:   0.882688 ; loss:   0.004183 ; similarity_progress:   0.025423
2018-03-18 13:06:22,509:INFO: - Found new best similarity_progress, saving in experiments/Unet/best_weights/after-epoch-123
2018-03-18 13:06:22,535:INFO: Epoch 124/132
2018-03-18 13:09:25,934:INFO: - Train metrics: similarity:   0.881350 ; loss:   0.004229 ; similarity_progress:   0.024460
2018-03-18 13:09:32,138:INFO: - Eval metrics: similarity:   0.882774 ; loss:   0.004181 ; similarity_progress:   0.025509
2018-03-18 13:09:32,328:INFO: - Found new best similarity_progress, saving in experiments/Unet/best_weights/after-epoch-124
2018-03-18 13:09:32,361:INFO: Epoch 125/132
2018-03-18 13:12:34,371:INFO: - Train metrics: similarity:   0.881145 ; loss:   0.004239 ; similarity_progress:   0.024312
2018-03-18 13:12:40,786:INFO: - Eval metrics: similarity:   0.882860 ; loss:   0.004179 ; similarity_progress:   0.025595
2018-03-18 13:12:40,970:INFO: - Found new best similarity_progress, saving in experiments/Unet/best_weights/after-epoch-125
2018-03-18 13:12:40,998:INFO: Epoch 126/132
2018-03-18 13:15:22,638:INFO: - Train metrics: similarity:   0.881429 ; loss:   0.004226 ; similarity_progress:   0.024558
2018-03-18 13:15:27,613:INFO: - Eval metrics: similarity:   0.882947 ; loss:   0.004174 ; similarity_progress:   0.025681
2018-03-18 13:15:27,796:INFO: - Found new best similarity_progress, saving in experiments/Unet/best_weights/after-epoch-126
2018-03-18 13:15:27,822:INFO: Epoch 127/132
2018-03-18 13:18:00,183:INFO: - Train metrics: similarity:   0.881201 ; loss:   0.004233 ; similarity_progress:   0.024510
2018-03-18 13:18:05,254:INFO: - Eval metrics: similarity:   0.882926 ; loss:   0.004175 ; similarity_progress:   0.025661
2018-03-18 13:18:05,278:INFO: Epoch 128/132
2018-03-18 13:20:38,007:INFO: - Train metrics: similarity:   0.881902 ; loss:   0.004208 ; similarity_progress:   0.024944
2018-03-18 13:20:43,034:INFO: - Eval metrics: similarity:   0.883046 ; loss:   0.004171 ; similarity_progress:   0.025780
2018-03-18 13:20:43,219:INFO: - Found new best similarity_progress, saving in experiments/Unet/best_weights/after-epoch-128
2018-03-18 13:20:43,247:INFO: Epoch 129/132
2018-03-18 13:23:15,997:INFO: - Train metrics: similarity:   0.881847 ; loss:   0.004212 ; similarity_progress:   0.024921
2018-03-18 13:23:20,865:INFO: - Eval metrics: similarity:   0.883005 ; loss:   0.004172 ; similarity_progress:   0.025739
2018-03-18 13:23:20,887:INFO: Epoch 130/132
2018-03-18 13:25:53,841:INFO: - Train metrics: similarity:   0.881237 ; loss:   0.004237 ; similarity_progress:   0.024573
2018-03-18 13:25:58,707:INFO: - Eval metrics: similarity:   0.883216 ; loss:   0.004164 ; similarity_progress:   0.025951
2018-03-18 13:25:58,892:INFO: - Found new best similarity_progress, saving in experiments/Unet/best_weights/after-epoch-130
2018-03-18 13:25:58,914:INFO: Epoch 131/132
2018-03-18 13:28:31,578:INFO: - Train metrics: similarity:   0.881602 ; loss:   0.004219 ; similarity_progress:   0.024796
2018-03-18 13:28:36,426:INFO: - Eval metrics: similarity:   0.883331 ; loss:   0.004162 ; similarity_progress:   0.026066
2018-03-18 13:28:36,608:INFO: - Found new best similarity_progress, saving in experiments/Unet/best_weights/after-epoch-131
2018-03-18 13:28:36,630:INFO: Epoch 132/132
2018-03-18 13:31:09,138:INFO: - Train metrics: similarity:   0.881742 ; loss:   0.004214 ; similarity_progress:   0.024939
2018-03-18 13:31:13,988:INFO: - Eval metrics: similarity:   0.883229 ; loss:   0.004170 ; similarity_progress:   0.025964
2018-03-18 13:33:09,066:INFO: Creating the datasets...
2018-03-18 13:33:09,196:INFO: Creating the model...
2018-03-18 13:33:09,932:INFO: Starting training for 20 epoch(s)
2018-03-18 13:33:10,475:INFO: Restoring parameters from experiments/Unet/best_weights/
2018-03-18 13:33:10,480:INFO: Restoring parameters from experiments/Unet/best_weights/after-epoch-131
2018-03-18 13:33:11,206:INFO: Epoch 132/151
2018-03-18 13:35:43,820:INFO: - Train metrics: similarity:   0.881940 ; loss:   0.004209 ; similarity_progress:   0.025045
2018-03-18 13:35:48,782:INFO: - Eval metrics: similarity:   0.883347 ; loss:   0.004162 ; similarity_progress:   0.026082
2018-03-18 13:35:48,992:INFO: - Found new best similarity_progress, saving in experiments/Unet/best_weights/after-epoch-132
2018-03-18 13:35:49,020:INFO: Epoch 133/151
2018-03-18 13:38:21,043:INFO: - Train metrics: similarity:   0.882214 ; loss:   0.004198 ; similarity_progress:   0.025250
2018-03-18 13:38:25,901:INFO: - Eval metrics: similarity:   0.883375 ; loss:   0.004161 ; similarity_progress:   0.026110
2018-03-18 13:38:26,085:INFO: - Found new best similarity_progress, saving in experiments/Unet/best_weights/after-epoch-133
2018-03-18 13:38:26,121:INFO: Epoch 134/151
2018-03-18 13:40:58,484:INFO: - Train metrics: similarity:   0.881975 ; loss:   0.004209 ; similarity_progress:   0.025124
2018-03-18 13:41:03,500:INFO: - Eval metrics: similarity:   0.883456 ; loss:   0.004157 ; similarity_progress:   0.026191
2018-03-18 13:41:03,683:INFO: - Found new best similarity_progress, saving in experiments/Unet/best_weights/after-epoch-134
2018-03-18 13:41:03,712:INFO: Epoch 135/151
2018-03-18 13:43:36,877:INFO: - Train metrics: similarity:   0.881035 ; loss:   0.004243 ; similarity_progress:   0.024519
2018-03-18 13:43:41,736:INFO: - Eval metrics: similarity:   0.883399 ; loss:   0.004162 ; similarity_progress:   0.026134
2018-03-18 13:43:41,761:INFO: Epoch 136/151
2018-03-18 13:46:14,004:INFO: - Train metrics: similarity:   0.881878 ; loss:   0.004211 ; similarity_progress:   0.025046
2018-03-18 13:46:18,852:INFO: - Eval metrics: similarity:   0.883507 ; loss:   0.004159 ; similarity_progress:   0.026242
2018-03-18 13:46:19,038:INFO: - Found new best similarity_progress, saving in experiments/Unet/best_weights/after-epoch-136
2018-03-18 13:46:19,067:INFO: Epoch 137/151
2018-03-18 13:48:51,219:INFO: - Train metrics: similarity:   0.881759 ; loss:   0.004214 ; similarity_progress:   0.025023
2018-03-18 13:48:56,220:INFO: - Eval metrics: similarity:   0.883499 ; loss:   0.004156 ; similarity_progress:   0.026234
2018-03-18 13:48:56,234:INFO: Epoch 138/151
2018-03-18 13:51:28,766:INFO: - Train metrics: similarity:   0.881443 ; loss:   0.004228 ; similarity_progress:   0.024784
2018-03-18 13:51:33,712:INFO: - Eval metrics: similarity:   0.883590 ; loss:   0.004154 ; similarity_progress:   0.026325
2018-03-18 13:51:33,894:INFO: - Found new best similarity_progress, saving in experiments/Unet/best_weights/after-epoch-138
2018-03-18 13:51:33,921:INFO: Epoch 139/151
2018-03-18 13:54:06,418:INFO: - Train metrics: similarity:   0.881075 ; loss:   0.004241 ; similarity_progress:   0.024590
2018-03-18 13:54:11,306:INFO: - Eval metrics: similarity:   0.883515 ; loss:   0.004157 ; similarity_progress:   0.026250
2018-03-18 13:54:11,327:INFO: Epoch 140/151
2018-03-18 13:56:43,873:INFO: - Train metrics: similarity:   0.881414 ; loss:   0.004228 ; similarity_progress:   0.024894
2018-03-18 13:56:48,755:INFO: - Eval metrics: similarity:   0.883625 ; loss:   0.004154 ; similarity_progress:   0.026359
2018-03-18 13:56:48,935:INFO: - Found new best similarity_progress, saving in experiments/Unet/best_weights/after-epoch-140
2018-03-18 13:56:48,963:INFO: Epoch 141/151
2018-03-18 13:59:31,663:INFO: - Train metrics: similarity:   0.881555 ; loss:   0.004225 ; similarity_progress:   0.024895
2018-03-18 13:59:36,933:INFO: - Eval metrics: similarity:   0.883677 ; loss:   0.004151 ; similarity_progress:   0.026411
2018-03-18 13:59:37,117:INFO: - Found new best similarity_progress, saving in experiments/Unet/best_weights/after-epoch-141
2018-03-18 13:59:37,145:INFO: Epoch 142/151
2018-03-18 14:02:28,075:INFO: - Train metrics: similarity:   0.881157 ; loss:   0.004237 ; similarity_progress:   0.024675
2018-03-18 14:02:33,148:INFO: - Eval metrics: similarity:   0.883590 ; loss:   0.004154 ; similarity_progress:   0.026324
2018-03-18 14:02:33,186:INFO: Epoch 143/151
2018-03-18 14:05:05,999:INFO: - Train metrics: similarity:   0.882427 ; loss:   0.004193 ; similarity_progress:   0.025513
2018-03-18 14:05:10,981:INFO: - Eval metrics: similarity:   0.883622 ; loss:   0.004160 ; similarity_progress:   0.026357
2018-03-18 14:05:11,023:INFO: Epoch 144/151
2018-03-18 14:07:43,103:INFO: - Train metrics: similarity:   0.881237 ; loss:   0.004235 ; similarity_progress:   0.024786
2018-03-18 14:07:47,995:INFO: - Eval metrics: similarity:   0.883739 ; loss:   0.004148 ; similarity_progress:   0.026474
2018-03-18 14:07:48,182:INFO: - Found new best similarity_progress, saving in experiments/Unet/best_weights/after-epoch-144
2018-03-18 14:07:48,209:INFO: Epoch 145/151
2018-03-18 14:10:20,532:INFO: - Train metrics: similarity:   0.881217 ; loss:   0.004233 ; similarity_progress:   0.024779
2018-03-18 14:10:25,552:INFO: - Eval metrics: similarity:   0.883777 ; loss:   0.004147 ; similarity_progress:   0.026512
2018-03-18 14:10:25,739:INFO: - Found new best similarity_progress, saving in experiments/Unet/best_weights/after-epoch-145
2018-03-18 14:10:25,767:INFO: Epoch 146/151
2018-03-18 14:12:57,913:INFO: - Train metrics: similarity:   0.882320 ; loss:   0.004195 ; similarity_progress:   0.025514
2018-03-18 14:13:02,793:INFO: - Eval metrics: similarity:   0.883894 ; loss:   0.004143 ; similarity_progress:   0.026628
2018-03-18 14:13:02,979:INFO: - Found new best similarity_progress, saving in experiments/Unet/best_weights/after-epoch-146
2018-03-18 14:13:03,009:INFO: Epoch 147/151
2018-03-18 14:15:35,465:INFO: - Train metrics: similarity:   0.882401 ; loss:   0.004196 ; similarity_progress:   0.025503
2018-03-18 14:15:40,503:INFO: - Eval metrics: similarity:   0.883877 ; loss:   0.004143 ; similarity_progress:   0.026612
2018-03-18 14:15:40,532:INFO: Epoch 148/151
2018-03-18 14:18:12,569:INFO: - Train metrics: similarity:   0.881885 ; loss:   0.004211 ; similarity_progress:   0.025225
2018-03-18 14:18:17,446:INFO: - Eval metrics: similarity:   0.883839 ; loss:   0.004148 ; similarity_progress:   0.026574
2018-03-18 14:18:17,466:INFO: Epoch 149/151
2018-03-18 14:20:49,490:INFO: - Train metrics: similarity:   0.882435 ; loss:   0.004194 ; similarity_progress:   0.025563
2018-03-18 14:20:54,526:INFO: - Eval metrics: similarity:   0.883864 ; loss:   0.004143 ; similarity_progress:   0.026599
2018-03-18 14:20:54,558:INFO: Epoch 150/151
2018-03-18 14:23:26,870:INFO: - Train metrics: similarity:   0.883158 ; loss:   0.004169 ; similarity_progress:   0.026031
2018-03-18 14:23:31,863:INFO: - Eval metrics: similarity:   0.883987 ; loss:   0.004139 ; similarity_progress:   0.026722
2018-03-18 14:23:32,047:INFO: - Found new best similarity_progress, saving in experiments/Unet/best_weights/after-epoch-150
2018-03-18 14:23:32,076:INFO: Epoch 151/151
2018-03-18 14:26:03,997:INFO: - Train metrics: similarity:   0.882400 ; loss:   0.004195 ; similarity_progress:   0.025551
2018-03-18 14:26:08,893:INFO: - Eval metrics: similarity:   0.883938 ; loss:   0.004142 ; similarity_progress:   0.026673
2018-03-18 14:35:18,448:INFO: Creating the datasets...
2018-03-18 14:35:18,532:INFO: Creating the model...
2018-03-18 14:35:19,257:INFO: Starting training for 20 epoch(s)
2018-03-18 14:35:19,793:INFO: Restoring parameters from experiments/Unet/best_weights/
2018-03-18 14:35:19,810:INFO: Restoring parameters from experiments/Unet/best_weights/after-epoch-150
2018-03-18 14:35:20,622:INFO: Epoch 151/170
2018-03-18 14:37:53,581:INFO: - Train metrics: similarity:   0.881654 ; loss:   0.004217 ; similarity_progress:   0.025139
2018-03-18 14:37:58,537:INFO: - Eval metrics: similarity:   0.884006 ; loss:   0.004139 ; similarity_progress:   0.026741
2018-03-18 14:37:58,751:INFO: - Found new best similarity_progress, saving in experiments/Unet/best_weights/after-epoch-151
2018-03-18 14:37:58,764:INFO: Epoch 152/170
2018-03-18 14:40:31,064:INFO: - Train metrics: similarity:   0.882312 ; loss:   0.004197 ; similarity_progress:   0.025553
2018-03-18 14:40:35,909:INFO: - Eval metrics: similarity:   0.884018 ; loss:   0.004139 ; similarity_progress:   0.026753
2018-03-18 14:40:36,110:INFO: - Found new best similarity_progress, saving in experiments/Unet/best_weights/after-epoch-152
2018-03-18 14:40:36,140:INFO: Epoch 153/170
2018-03-18 14:43:08,488:INFO: - Train metrics: similarity:   0.882984 ; loss:   0.004168 ; similarity_progress:   0.025990
2018-03-18 14:43:13,509:INFO: - Eval metrics: similarity:   0.884033 ; loss:   0.004138 ; similarity_progress:   0.026768
2018-03-18 14:43:13,694:INFO: - Found new best similarity_progress, saving in experiments/Unet/best_weights/after-epoch-153
2018-03-18 14:43:13,723:INFO: Epoch 154/170
2018-03-18 14:45:45,835:INFO: - Train metrics: similarity:   0.881774 ; loss:   0.004214 ; similarity_progress:   0.025186
2018-03-18 14:45:50,839:INFO: - Eval metrics: similarity:   0.884010 ; loss:   0.004139 ; similarity_progress:   0.026744
2018-03-18 14:45:50,863:INFO: Epoch 155/170
2018-03-18 14:48:23,740:INFO: - Train metrics: similarity:   0.881286 ; loss:   0.004232 ; similarity_progress:   0.024871
2018-03-18 14:48:28,805:INFO: - Eval metrics: similarity:   0.884012 ; loss:   0.004140 ; similarity_progress:   0.026746
2018-03-18 14:48:28,830:INFO: Epoch 156/170
2018-03-18 14:51:02,555:INFO: - Train metrics: similarity:   0.882370 ; loss:   0.004193 ; similarity_progress:   0.025563
2018-03-18 14:51:07,639:INFO: - Eval metrics: similarity:   0.884031 ; loss:   0.004139 ; similarity_progress:   0.026765
2018-03-18 14:51:07,679:INFO: Epoch 157/170
2018-03-18 14:53:41,315:INFO: - Train metrics: similarity:   0.882329 ; loss:   0.004196 ; similarity_progress:   0.025560
2018-03-18 14:53:46,166:INFO: - Eval metrics: similarity:   0.884030 ; loss:   0.004139 ; similarity_progress:   0.026765
2018-03-18 14:53:46,207:INFO: Epoch 158/170
2018-03-18 14:56:19,532:INFO: - Train metrics: similarity:   0.882281 ; loss:   0.004197 ; similarity_progress:   0.025499
2018-03-18 14:56:24,562:INFO: - Eval metrics: similarity:   0.884023 ; loss:   0.004138 ; similarity_progress:   0.026758
2018-03-18 14:56:24,613:INFO: Epoch 159/170
2018-03-18 14:58:57,093:INFO: - Train metrics: similarity:   0.881740 ; loss:   0.004216 ; similarity_progress:   0.025169
2018-03-18 14:59:01,941:INFO: - Eval metrics: similarity:   0.883997 ; loss:   0.004139 ; similarity_progress:   0.026732
2018-03-18 14:59:01,979:INFO: Epoch 160/170
2018-03-18 15:01:34,111:INFO: - Train metrics: similarity:   0.882537 ; loss:   0.004188 ; similarity_progress:   0.025668
2018-03-18 15:01:39,134:INFO: - Eval metrics: similarity:   0.884050 ; loss:   0.004138 ; similarity_progress:   0.026785
2018-03-18 15:01:39,338:INFO: - Found new best similarity_progress, saving in experiments/Unet/best_weights/after-epoch-160
2018-03-18 15:01:39,364:INFO: Epoch 161/170
2018-03-18 15:04:11,511:INFO: - Train metrics: similarity:   0.883298 ; loss:   0.004161 ; similarity_progress:   0.026180
2018-03-18 15:04:16,438:INFO: - Eval metrics: similarity:   0.884055 ; loss:   0.004137 ; similarity_progress:   0.026790
2018-03-18 15:04:16,623:INFO: - Found new best similarity_progress, saving in experiments/Unet/best_weights/after-epoch-161
2018-03-18 15:04:16,648:INFO: Epoch 162/170
2018-03-18 15:06:49,061:INFO: - Train metrics: similarity:   0.882170 ; loss:   0.004200 ; similarity_progress:   0.025449
2018-03-18 15:06:54,008:INFO: - Eval metrics: similarity:   0.884031 ; loss:   0.004138 ; similarity_progress:   0.026766
2018-03-18 15:06:54,030:INFO: Epoch 163/170
2018-03-18 15:09:25,339:INFO: - Train metrics: similarity:   0.882402 ; loss:   0.004192 ; similarity_progress:   0.025628
2018-03-18 15:09:30,247:INFO: - Eval metrics: similarity:   0.884031 ; loss:   0.004138 ; similarity_progress:   0.026766
2018-03-18 15:09:30,249:INFO: Epoch 164/170
2018-03-18 15:12:02,319:INFO: - Train metrics: similarity:   0.882325 ; loss:   0.004196 ; similarity_progress:   0.025522
2018-03-18 15:12:07,207:INFO: - Eval metrics: similarity:   0.884052 ; loss:   0.004137 ; similarity_progress:   0.026787
2018-03-18 15:12:07,231:INFO: Epoch 165/170
2018-03-18 15:14:49,047:INFO: - Train metrics: similarity:   0.882231 ; loss:   0.004197 ; similarity_progress:   0.025516
2018-03-18 15:14:55,156:INFO: - Eval metrics: similarity:   0.884060 ; loss:   0.004137 ; similarity_progress:   0.026795
2018-03-18 15:14:55,343:INFO: - Found new best similarity_progress, saving in experiments/Unet/best_weights/after-epoch-165
2018-03-18 15:14:55,372:INFO: Epoch 166/170
2018-03-18 15:17:44,762:INFO: - Train metrics: similarity:   0.882532 ; loss:   0.004189 ; similarity_progress:   0.025709
2018-03-18 15:17:49,638:INFO: - Eval metrics: similarity:   0.884025 ; loss:   0.004138 ; similarity_progress:   0.026759
2018-03-18 15:17:49,659:INFO: Epoch 167/170
2018-03-18 15:20:22,081:INFO: - Train metrics: similarity:   0.882543 ; loss:   0.004187 ; similarity_progress:   0.025709
2018-03-18 15:20:27,150:INFO: - Eval metrics: similarity:   0.884069 ; loss:   0.004137 ; similarity_progress:   0.026804
2018-03-18 15:20:27,335:INFO: - Found new best similarity_progress, saving in experiments/Unet/best_weights/after-epoch-167
2018-03-18 15:20:27,362:INFO: Epoch 168/170
2018-03-18 15:23:00,003:INFO: - Train metrics: similarity:   0.882828 ; loss:   0.004176 ; similarity_progress:   0.025896
2018-03-18 15:23:04,884:INFO: - Eval metrics: similarity:   0.884068 ; loss:   0.004137 ; similarity_progress:   0.026803
2018-03-18 15:23:04,886:INFO: Epoch 169/170
2018-03-18 15:25:36,955:INFO: - Train metrics: similarity:   0.881802 ; loss:   0.004211 ; similarity_progress:   0.025250
2018-03-18 15:25:41,986:INFO: - Eval metrics: similarity:   0.884059 ; loss:   0.004137 ; similarity_progress:   0.026794
2018-03-18 15:25:42,010:INFO: Epoch 170/170
2018-03-18 15:28:14,233:INFO: - Train metrics: similarity:   0.882054 ; loss:   0.004205 ; similarity_progress:   0.025437
2018-03-18 15:28:19,095:INFO: - Eval metrics: similarity:   0.884025 ; loss:   0.004138 ; similarity_progress:   0.026760
